SF:lib/domain/model/post.dart
DA:7,3
DA:12,1
DA:13,3
LF:3
LH:3
end_of_record
SF:lib/domain/usecase/get_post_usecase.dart
DA:9,1
DA:11,1
DA:12,2
LF:3
LH:3
end_of_record
SF:lib/data/datasource/post_remote_data_source.dart
DA:13,1
DA:16,1
DA:17,2
DA:18,2
DA:20,2
DA:21,3
DA:23,1
LF:7
LH:7
end_of_record
SF:lib/data/modal/post_list_response.dart
DA:10,4
DA:12,2
DA:13,1
DA:14,4
DA:18,1
DA:19,2
LF:6
LH:6
end_of_record
SF:lib/data/modal/post_response.dart
DA:10,4
DA:17,2
DA:18,1
DA:19,1
DA:20,1
DA:21,1
DA:24,4
DA:26,2
DA:27,10
LF:9
LH:9
end_of_record
SF:lib/data/repository/post_repository_impl.dart
DA:10,1
DA:13,1
DA:15,3
DA:16,4
DA:17,1
LF:5
LH:5
end_of_record
SF:lib/presentation/bloc/post_list_event.dart
DA:4,1
DA:8,0
DA:9,0
LF:3
LH:1
end_of_record
SF:lib/presentation/bloc/post_list_state.dart
DA:4,3
DA:8,1
DA:9,1
DA:13,1
DA:14,1
DA:20,3
DA:22,1
DA:23,2
DA:29,3
DA:31,1
DA:32,2
LF:11
LH:11
end_of_record
SF:lib/presentation/bloc/post_list_bloc.dart
DA:12,3
DA:13,2
DA:14,2
DA:16,3
DA:18,1
DA:19,3
DA:20,3
LF:7
LH:7
end_of_record
SF:lib/injection.dart
DA:9,0
DA:11,0
DA:13,0
DA:16,0
DA:17,0
DA:21,0
DA:22,0
DA:26,0
LF:8
LH:0
end_of_record
SF:lib/presentation/page/post_list_page.dart
DA:7,0
DA:9,0
DA:11,0
DA:12,0
DA:19,5
DA:21,1
DA:22,1
DA:26,1
DA:28,1
DA:29,1
DA:32,1
DA:33,1
DA:34,1
DA:38,1
DA:44,1
DA:45,3
DA:48,1
DA:49,1
DA:50,2
DA:51,1
DA:52,2
DA:53,1
DA:54,2
DA:55,2
LF:24
LH:20
end_of_record
